{
  "RSpec": {
    "coverage": {
      "/home/quanit2k4/Ruby_Traning/Ruby on Rails/ruby_naitei22-sjp_e-learning-system/app/models/user.rb": {
        "lines": [
          1,
          1,
          null,
          1,
          null,
          1,
          1,
          1,
          1,
          1,
          1,
          1,
          1,
          null,
          1,
          null,
          1,
          null,
          1,
          null,
          1,
          null,
          1,
          null,
          null,
          null,
          null,
          1,
          1,
          null,
          1,
          null,
          null,
          1,
          null,
          null,
          null,
          null,
          1,
          1,
          1,
          null,
          1,
          1,
          null,
          1,
          1,
          6,
          null,
          null,
          1,
          6,
          6,
          null,
          0,
          null,
          6,
          null,
          null,
          null,
          1,
          5,
          5,
          null,
          null,
          1,
          3,
          null,
          2,
          null,
          null,
          1,
          1,
          null,
          null,
          1,
          2,
          null,
          2,
          1,
          1,
          null,
          1,
          null,
          null,
          null,
          null,
          null,
          null,
          null,
          null,
          null,
          1,
          502,
          null,
          null,
          1,
          null,
          1,
          250,
          null,
          248,
          248,
          null,
          248,
          1,
          247,
          1,
          null,
          null,
          null,
          1,
          250,
          null,
          0,
          null,
          null
        ]
      },
      "/home/quanit2k4/Ruby_Traning/Ruby on Rails/ruby_naitei22-sjp_e-learning-system/app/models/course.rb": {
        "lines": [
          1,
          1,
          1,
          null,
          1,
          null,
          1,
          null,
          101,
          null,
          1,
          1,
          1,
          null,
          null,
          1,
          null,
          null,
          null,
          1,
          1,
          null,
          1,
          1,
          1,
          1,
          1,
          null,
          1,
          0,
          null,
          null,
          null,
          1,
          null,
          2,
          1,
          1,
          0,
          null,
          0,
          null,
          null,
          1,
          3,
          null,
          2,
          null,
          null,
          1,
          3,
          null,
          2,
          null,
          1,
          null,
          1,
          null,
          null,
          null,
          null,
          null,
          1,
          null,
          null,
          1,
          1,
          null,
          null,
          1,
          null,
          null,
          1,
          3,
          3,
          null,
          3,
          null,
          2,
          null,
          2,
          2,
          null,
          null,
          1,
          null,
          1,
          1,
          null,
          null,
          1,
          1,
          null,
          1,
          null,
          1,
          2,
          null,
          2,
          0,
          0,
          null,
          null,
          null,
          null
        ]
      },
      "/home/quanit2k4/Ruby_Traning/Ruby on Rails/ruby_naitei22-sjp_e-learning-system/app/models/user_course.rb": {
        "lines": [
          1,
          1,
          1,
          null,
          1,
          null,
          null,
          null,
          null,
          null,
          null,
          null,
          1,
          null,
          null,
          1,
          null,
          null,
          null,
          null,
          null,
          1,
          null,
          null,
          null,
          null,
          null,
          1,
          1,
          null,
          1,
          1,
          null,
          2,
          null,
          1,
          null,
          1,
          7,
          null,
          null,
          2,
          null,
          1,
          2,
          null,
          null,
          1,
          2,
          null,
          null,
          1,
          2,
          null,
          null,
          1,
          2,
          null,
          null,
          2,
          2,
          null,
          2,
          2,
          null,
          64,
          null
        ]
      },
      "/home/quanit2k4/Ruby_Traning/Ruby on Rails/ruby_naitei22-sjp_e-learning-system/app/models/lesson.rb": {
        "lines": [
          1,
          1,
          1,
          null,
          1,
          1,
          null,
          1,
          null,
          null,
          1,
          1,
          1,
          null,
          null,
          1,
          1,
          null,
          null,
          2,
          null,
          1,
          3,
          null,
          2,
          null,
          null,
          1,
          5,
          null,
          2,
          null,
          2,
          2,
          null,
          1,
          null,
          null,
          null,
          null,
          1,
          null,
          null,
          null,
          null,
          null,
          null
        ]
      },
      "/home/quanit2k4/Ruby_Traning/Ruby on Rails/ruby_naitei22-sjp_e-learning-system/app/models/admin_course_manager.rb": {
        "lines": [
          1,
          1,
          1,
          null
        ]
      },
      "/home/quanit2k4/Ruby_Traning/Ruby on Rails/ruby_naitei22-sjp_e-learning-system/app/models/answer.rb": {
        "lines": [
          null,
          1,
          1,
          null,
          1,
          null,
          1,
          null,
          1,
          null,
          1,
          62,
          null,
          null
        ]
      },
      "/home/quanit2k4/Ruby_Traning/Ruby on Rails/ruby_naitei22-sjp_e-learning-system/app/models/component.rb": {
        "lines": [
          1,
          1,
          1,
          1,
          null,
          1,
          1,
          null,
          1,
          null,
          2,
          null
        ]
      },
      "/home/quanit2k4/Ruby_Traning/Ruby on Rails/ruby_naitei22-sjp_e-learning-system/app/models/question.rb": {
        "lines": [
          1,
          1,
          1,
          null,
          1,
          null,
          1,
          null,
          1,
          null,
          1,
          null,
          1,
          null,
          1,
          12,
          null,
          2,
          null,
          null,
          null
        ]
      },
      "/home/quanit2k4/Ruby_Traning/Ruby on Rails/ruby_naitei22-sjp_e-learning-system/app/models/test_result.rb": {
        "lines": [
          1,
          1,
          1,
          null,
          1,
          null,
          null,
          1,
          1,
          null,
          1,
          0,
          null,
          null,
          null,
          null,
          null
        ]
      },
      "/home/quanit2k4/Ruby_Traning/Ruby on Rails/ruby_naitei22-sjp_e-learning-system/app/models/test.rb": {
        "lines": [
          1,
          1,
          1,
          1,
          1,
          1,
          1,
          1,
          null,
          1,
          1,
          null,
          1,
          1,
          null,
          1,
          null,
          1,
          null,
          null,
          null,
          1,
          null,
          2,
          1,
          4,
          null,
          3,
          null,
          null
        ]
      },
      "/home/quanit2k4/Ruby_Traning/Ruby on Rails/ruby_naitei22-sjp_e-learning-system/app/models/user_lesson.rb": {
        "lines": [
          1,
          1,
          1,
          null,
          1,
          null,
          1,
          1,
          null,
          null,
          1,
          1,
          null,
          null,
          1,
          3,
          null,
          null,
          1,
          2,
          null,
          null
        ]
      },
      "/home/quanit2k4/Ruby_Traning/Ruby on Rails/ruby_naitei22-sjp_e-learning-system/app/models/user_word.rb": {
        "lines": [
          1,
          1,
          1,
          null
        ]
      },
      "/home/quanit2k4/Ruby_Traning/Ruby on Rails/ruby_naitei22-sjp_e-learning-system/app/models/word.rb": {
        "lines": [
          1,
          1,
          null,
          1,
          null,
          null,
          null,
          null,
          null,
          null,
          null,
          null,
          null,
          null,
          null,
          1,
          1,
          1,
          null,
          null,
          3,
          2,
          null,
          1,
          3,
          null,
          2,
          null,
          null,
          1,
          4,
          null,
          2,
          null,
          1,
          1,
          null,
          1,
          null,
          null,
          null,
          1,
          4,
          null,
          3,
          null,
          1,
          null,
          1,
          null,
          1,
          null,
          null,
          null,
          1,
          3,
          1,
          null,
          null,
          null,
          1,
          5,
          null,
          1,
          null,
          1,
          null,
          1,
          null,
          1,
          null,
          1,
          null,
          null,
          null,
          1,
          2,
          null,
          null,
          null,
          null,
          null,
          1,
          2,
          null,
          1,
          null,
          1,
          null,
          0,
          null,
          1,
          null,
          0,
          null,
          null,
          null,
          1,
          1,
          null,
          null,
          null
        ]
      }
    },
    "timestamp": 1756353640
  },
  "Unknown Test Framework": {
    "coverage": {
      "/home/quanit2k4/Ruby_Traning/Ruby on Rails/ruby_naitei22-sjp_e-learning-system/app/controllers/admin/answers_controller.rb": {
        "lines": [
          null,
          0,
          0,
          0,
          0,
          null,
          0,
          null,
          null,
          0,
          0,
          0,
          null,
          null,
          0,
          0,
          0,
          0,
          0,
          0,
          0,
          0,
          null,
          null,
          0,
          0,
          0,
          0,
          0,
          0,
          0,
          0,
          null,
          0,
          null,
          0,
          0,
          0,
          0
        ],
        "branches": {
        }
      }
    },
    "timestamp": 1756305152
  }
}
